<?xml version="1.0" encoding="UTF-8"?>
<testng-results ignored="0" total="4" passed="4" failed="0" skipped="0">
  <reporter-output>
  </reporter-output>
  <suite started-at="2022-11-14T01:35:14 IST" name="Default suite" finished-at="2022-11-14T01:35:19 IST" duration-ms="5545">
    <groups>
    </groups>
    <test started-at="2022-11-14T01:35:14 IST" name="Default test" finished-at="2022-11-14T01:35:19 IST" duration-ms="5545">
      <class name="byjusTestPack.HomePageTest">
        <test-method is-config="true" signature="openBroswer()[pri:0, instance:byjusTestPack.HomePageTest@5d0bf09b]" started-at="2022-11-14T01:35:14 IST" name="openBroswer" finished-at="2022-11-14T01:35:17 IST" duration-ms="3378" status="PASS">
          <reporter-output>
          </reporter-output>
        </test-method> <!-- openBroswer -->
        <test-method is-config="true" signature="createObjects()[pri:0, instance:byjusTestPack.HomePageTest@5d0bf09b]" started-at="2022-11-14T01:35:17 IST" name="createObjects" finished-at="2022-11-14T01:35:17 IST" duration-ms="13" status="PASS">
          <reporter-output>
          </reporter-output>
        </test-method> <!-- createObjects -->
        <test-method is-config="true" signature="A()[pri:0, instance:byjusTestPack.HomePageTest@5d0bf09b]" started-at="2022-11-14T01:35:17 IST" name="A" finished-at="2022-11-14T01:35:17 IST" duration-ms="1" status="PASS">
          <reporter-output>
          </reporter-output>
        </test-method> <!-- A -->
        <test-method signature="TC001()[pri:0, instance:byjusTestPack.HomePageTest@5d0bf09b]" started-at="2022-11-14T01:35:17 IST" name="TC001" finished-at="2022-11-14T01:35:17 IST" duration-ms="15" status="PASS">
          <reporter-output>
          </reporter-output>
        </test-method> <!-- TC001 -->
        <test-method is-config="true" signature="B()[pri:0, instance:byjusTestPack.HomePageTest@5d0bf09b]" started-at="2022-11-14T01:35:18 IST" name="B" finished-at="2022-11-14T01:35:18 IST" duration-ms="0" status="PASS">
          <reporter-output>
          </reporter-output>
        </test-method> <!-- B -->
        <test-method is-config="true" signature="A()[pri:0, instance:byjusTestPack.HomePageTest@5d0bf09b]" started-at="2022-11-14T01:35:18 IST" name="A" finished-at="2022-11-14T01:35:18 IST" duration-ms="1" status="PASS">
          <reporter-output>
          </reporter-output>
        </test-method> <!-- A -->
        <test-method signature="TC002()[pri:0, instance:byjusTestPack.HomePageTest@5d0bf09b]" started-at="2022-11-14T01:35:18 IST" name="TC002" finished-at="2022-11-14T01:35:18 IST" duration-ms="50" status="PASS">
          <reporter-output>
          </reporter-output>
        </test-method> <!-- TC002 -->
        <test-method is-config="true" signature="B()[pri:0, instance:byjusTestPack.HomePageTest@5d0bf09b]" started-at="2022-11-14T01:35:18 IST" name="B" finished-at="2022-11-14T01:35:18 IST" duration-ms="1" status="PASS">
          <reporter-output>
          </reporter-output>
        </test-method> <!-- B -->
        <test-method signature="TC003()[pri:0, instance:byjusTestPack.HomePageTest@5d0bf09b]" started-at="2022-11-14T01:35:18 IST" name="TC003" finished-at="2022-11-14T01:35:18 IST" duration-ms="334" status="PASS">
          <reporter-output>
          </reporter-output>
        </test-method> <!-- TC003 -->
        <test-method is-config="true" signature="A()[pri:0, instance:byjusTestPack.HomePageTest@5d0bf09b]" started-at="2022-11-14T01:35:18 IST" name="A" finished-at="2022-11-14T01:35:18 IST" duration-ms="0" status="PASS">
          <reporter-output>
          </reporter-output>
        </test-method> <!-- A -->
        <test-method is-config="true" signature="B()[pri:0, instance:byjusTestPack.HomePageTest@5d0bf09b]" started-at="2022-11-14T01:35:19 IST" name="B" finished-at="2022-11-14T01:35:19 IST" duration-ms="0" status="PASS">
          <reporter-output>
          </reporter-output>
        </test-method> <!-- B -->
        <test-method signature="assertAll()[pri:0, instance:byjusTestPack.HomePageTest@5d0bf09b]" started-at="2022-11-14T01:35:19 IST" name="assertAll" finished-at="2022-11-14T01:35:19 IST" duration-ms="1" status="PASS">
          <reporter-output>
          </reporter-output>
        </test-method> <!-- assertAll -->
        <test-method is-config="true" signature="A()[pri:0, instance:byjusTestPack.HomePageTest@5d0bf09b]" started-at="2022-11-14T01:35:19 IST" name="A" finished-at="2022-11-14T01:35:19 IST" duration-ms="0" status="PASS">
          <reporter-output>
          </reporter-output>
        </test-method> <!-- A -->
        <test-method is-config="true" signature="B()[pri:0, instance:byjusTestPack.HomePageTest@5d0bf09b]" started-at="2022-11-14T01:35:19 IST" name="B" finished-at="2022-11-14T01:35:19 IST" duration-ms="1" status="PASS">
          <reporter-output>
          </reporter-output>
        </test-method> <!-- B -->
        <test-method is-config="true" signature="destroyObjects()[pri:0, instance:byjusTestPack.HomePageTest@5d0bf09b]" started-at="2022-11-14T01:35:19 IST" name="destroyObjects" finished-at="2022-11-14T01:35:19 IST" duration-ms="0" status="PASS">
          <reporter-output>
          </reporter-output>
        </test-method> <!-- destroyObjects -->
        <test-method is-config="true" signature="closeBrowser()[pri:0, instance:byjusTestPack.HomePageTest@5d0bf09b]" started-at="2022-11-14T01:35:19 IST" name="closeBrowser" finished-at="2022-11-14T01:35:19 IST" duration-ms="691" status="PASS">
          <reporter-output>
          </reporter-output>
        </test-method> <!-- closeBrowser -->
      </class> <!-- byjusTestPack.HomePageTest -->
    </test> <!-- Default test -->
  </suite> <!-- Default suite -->
</testng-results>
