<?xml version="1.0" encoding="UTF-8"?>
<!-- Generated by org.testng.reporters.JUnitXMLReporter -->
<testsuite ignored="0" hostname="DESKTOP-FRV6BVL" failures="0" tests="4" name="Default test" time="5.545" errors="0" timestamp="2022-11-14T01:35:20 IST">
  <testcase classname="byjusTestPack.HomePageTest" name="TC001" time="0.015"/>
  <testcase classname="byjusTestPack.HomePageTest" name="TC002" time="0.05"/>
  <testcase classname="byjusTestPack.HomePageTest" name="TC003" time="0.334"/>
  <testcase classname="byjusTestPack.HomePageTest" name="assertAll" time="0.001"/>
</testsuite> <!-- Default test -->
